<?xml version="1.0" encoding="UTF-8"?>
<<<<<<< Updated upstream
<testng-results skipped="0" failed="1" ignored="0" total="3" passed="2">
=======
<testng-results skipped="4" failed="0" ignored="0" total="4" passed="0">
>>>>>>> Stashed changes
  <reporter-output>
    <line>
      <![CDATA[Before executing suite at the begin Default suite]]>
    </line>
    <line>
      <![CDATA[Before executing test method once onlyTorenzoTest]]>
    </line>
    <line>
<<<<<<< Updated upstream
      <![CDATA[About to begin executing following method : BrokenImageAndLinks.setUp]]>
    </line>
    <line>
      <![CDATA[Completed executing following method : BrokenImageAndLinks.setUp]]>
    </line>
    <line>
      <![CDATA[About to begin executing following method : BrokenImageAndLinks.findBrokenLinkOnTorenzoMainPage]]>
=======
      <![CDATA[About to begin executing following method : HomePageTest.setUp]]>
    </line>
    <line>
      <![CDATA[Completed executing following method : HomePageTest.setUp]]>
    </line>
    <line>
      <![CDATA[(About@Test Method)Test Method resides in com.torenzosite.qa.testcases.HomePageTest]]>
>>>>>>> Stashed changes
    </line>
    <line>
      <![CDATA[Completed executing following method : BrokenImageAndLinks.findBrokenLinkOnTorenzoMainPage]]>
    </line>
    <line>
<<<<<<< Updated upstream
      <![CDATA[About to begin executing following method : BrokenImageAndLinks.tearDown]]>
    </line>
    <line>
      <![CDATA[Completed executing following method : BrokenImageAndLinks.tearDown]]>
=======
      <![CDATA[About to begin executing following method : HomePageTest.verifyHomePageTitle]]>
    </line>
    <line>
      <![CDATA[Completed executing following method : HomePageTest.verifyHomePageTitle]]>
    </line>
    <line>
      <![CDATA[(About@Test Method)Test Method resides in com.torenzosite.qa.testcases.HomePageTest]]>
    </line>
    <line>
      <![CDATA[Test Status: Skipped]]>
    </line>
    <line>
      <![CDATA[About to begin executing following method : HomePageTest.verifyEmailAddreeField]]>
    </line>
    <line>
      <![CDATA[Completed executing following method : HomePageTest.verifyEmailAddreeField]]>
    </line>
    <line>
      <![CDATA[(About@Test Method)Test Method resides in com.torenzosite.qa.testcases.HomePageTest]]>
    </line>
    <line>
      <![CDATA[Test Status: Skipped]]>
    </line>
    <line>
      <![CDATA[About to begin executing following method : HomePageTest.verifyWithEmptyEmailAddreeField]]>
    </line>
    <line>
      <![CDATA[Completed executing following method : HomePageTest.verifyWithEmptyEmailAddreeField]]>
    </line>
    <line>
      <![CDATA[(About@Test Method)Test Method resides in com.torenzosite.qa.testcases.HomePageTest]]>
    </line>
    <line>
      <![CDATA[Test Status: Skipped]]>
    </line>
    <line>
      <![CDATA[About to begin executing following method : HomePageTest.verifyWithInvalidEmailAddreeField]]>
    </line>
    <line>
      <![CDATA[Completed executing following method : HomePageTest.verifyWithInvalidEmailAddreeField]]>
>>>>>>> Stashed changes
    </line>
    <line>
      <![CDATA[About to begin executing following method : HomePageTest.setUp]]>
    </line>
    <line>
      <![CDATA[Completed executing following method : HomePageTest.setUp]]>
    </line>
    <line>
      <![CDATA[About to begin executing following method : HomePageTest.verifyHomePageTitle]]>
    </line>
    <line>
      <![CDATA[Completed executing following method : HomePageTest.verifyHomePageTitle]]>
    </line>
    <line>
      <![CDATA[About to begin executing following method : HomePageTest.tearDown]]>
    </line>
    <line>
      <![CDATA[Completed executing following method : HomePageTest.tearDown]]>
    </line>
    <line>
      <![CDATA[About to begin executing following method : HomePageTest.setUp]]>
    </line>
    <line>
      <![CDATA[Completed executing following method : HomePageTest.setUp]]>
    </line>
    <line>
      <![CDATA[About to begin executing following method : HomePageTest.verifyEmailAddreeField]]>
    </line>
    <line>
      <![CDATA[Completed executing following method : HomePageTest.verifyEmailAddreeField]]>
    </line>
    <line>
      <![CDATA[About to begin executing following method : HomePageTest.tearDown]]>
    </line>
    <line>
      <![CDATA[Completed executing following method : HomePageTest.tearDown]]>
    </line>
  </reporter-output>
<<<<<<< Updated upstream
  <suite name="Torenzo WebSite" duration-ms="79344" started-at="2018-12-28T06:57:02Z" finished-at="2018-12-28T06:58:21Z">
    <groups>
    </groups>
    <test name="TorenzoTest" duration-ms="79344" started-at="2018-12-28T06:57:02Z" finished-at="2018-12-28T06:58:21Z">
      <class name="com.torenzosite.qa.testcases.BrokenImageAndLinks">
        <test-method status="PASS" signature="setUp()[pri:0, instance:com.torenzosite.qa.testcases.BrokenImageAndLinks@6adede5]" name="setUp" is-config="true" duration-ms="17362" started-at="2018-12-28T06:57:02Z" finished-at="2018-12-28T06:57:19Z">
          <reporter-output>
            <line>
              <![CDATA[Completed executing following method : BrokenImageAndLinks.setUp]]>
=======
  <suite name="Default suite" duration-ms="4627" started-at="2018-12-24T12:33:03Z" finished-at="2018-12-24T12:33:08Z">
    <groups>
    </groups>
    <test name="Default test" duration-ms="4627" started-at="2018-12-24T12:33:03Z" finished-at="2018-12-24T12:33:08Z">
      <class name="com.torenzosite.qa.testcases.HomePageTest">
        <test-method status="FAIL" signature="setUp()[pri:0, instance:com.torenzosite.qa.testcases.HomePageTest@4b952a2d]" name="setUp" is-config="true" duration-ms="4437" started-at="2018-12-24T12:33:03Z" finished-at="2018-12-24T12:33:08Z">
          <exception class="org.openqa.selenium.WebDriverException">
            <message>
              <![CDATA[Unable to parse remote response: Parameters were incorrect. We wanted {"required":["desiredCapabilities"],"optional":["requiredCapabilities","sessionId","id"]} and you sent ["desiredCapabilities","capabilities"]]]>
            </message>
            <full-stacktrace>
              <![CDATA[org.openqa.selenium.WebDriverException: Unable to parse remote response: Parameters were incorrect. We wanted {"required":["desiredCapabilities"],"optional":["requiredCapabilities","sessionId","id"]} and you sent ["desiredCapabilities","capabilities"]
at org.openqa.selenium.remote.ProtocolHandshake.createSession(ProtocolHandshake.java:111)
at org.openqa.selenium.remote.ProtocolHandshake.createSession(ProtocolHandshake.java:73)
at org.openqa.selenium.remote.HttpCommandExecutor.execute(HttpCommandExecutor.java:136)
at io.appium.java_client.remote.AppiumCommandExecutor.execute(AppiumCommandExecutor.java:69)
at org.openqa.selenium.remote.RemoteWebDriver.execute(RemoteWebDriver.java:548)
at io.appium.java_client.DefaultGenericMobileDriver.execute(DefaultGenericMobileDriver.java:42)
at io.appium.java_client.AppiumDriver.execute(AppiumDriver.java:1)
at io.appium.java_client.android.AndroidDriver.execute(AndroidDriver.java:1)
at org.openqa.selenium.remote.RemoteWebDriver.startSession(RemoteWebDriver.java:212)
at org.openqa.selenium.remote.RemoteWebDriver.<init>(RemoteWebDriver.java:130)
at io.appium.java_client.DefaultGenericMobileDriver.<init>(DefaultGenericMobileDriver.java:38)
at io.appium.java_client.AppiumDriver.<init>(AppiumDriver.java:89)
at io.appium.java_client.AppiumDriver.<init>(AppiumDriver.java:113)
at io.appium.java_client.android.AndroidDriver.<init>(AndroidDriver.java:73)
at com.torenzosite.qa.base.TestBase.initialization(TestBase.java:98)
at com.torenzosite.qa.testcases.HomePageTest.setUp(HomePageTest.java:36)
at sun.reflect.NativeMethodAccessorImpl.invoke0(Native Method)
at sun.reflect.NativeMethodAccessorImpl.invoke(NativeMethodAccessorImpl.java:62)
at sun.reflect.DelegatingMethodAccessorImpl.invoke(DelegatingMethodAccessorImpl.java:43)
at java.lang.reflect.Method.invoke(Method.java:498)
at org.testng.internal.MethodInvocationHelper.invokeMethod(MethodInvocationHelper.java:124)
at org.testng.internal.MethodInvocationHelper.invokeMethodConsideringTimeout(MethodInvocationHelper.java:59)
at org.testng.internal.Invoker.invokeConfigurationMethod(Invoker.java:458)
at org.testng.internal.Invoker.invokeConfigurations(Invoker.java:222)
at org.testng.internal.Invoker.invokeMethod(Invoker.java:523)
at org.testng.internal.Invoker.invokeTestMethod(Invoker.java:719)
at org.testng.internal.Invoker.invokeTestMethods(Invoker.java:989)
at org.testng.internal.TestMethodWorker.invokeTestMethods(TestMethodWorker.java:125)
at org.testng.internal.TestMethodWorker.run(TestMethodWorker.java:109)
at org.testng.TestRunner.privateRun(TestRunner.java:648)
at org.testng.TestRunner.run(TestRunner.java:505)
at org.testng.SuiteRunner.runTest(SuiteRunner.java:455)
at org.testng.SuiteRunner.runSequentially(SuiteRunner.java:450)
at org.testng.SuiteRunner.privateRun(SuiteRunner.java:415)
at org.testng.SuiteRunner.run(SuiteRunner.java:364)
at org.testng.SuiteRunnerWorker.runSuite(SuiteRunnerWorker.java:52)
at org.testng.SuiteRunnerWorker.run(SuiteRunnerWorker.java:84)
at org.testng.TestNG.runSuitesSequentially(TestNG.java:1208)
at org.testng.TestNG.runSuitesLocally(TestNG.java:1137)
at org.testng.TestNG.runSuites(TestNG.java:1049)
at org.testng.TestNG.run(TestNG.java:1017)
at org.testng.remote.AbstractRemoteTestNG.run(AbstractRemoteTestNG.java:114)
at org.testng.remote.RemoteTestNG.initAndRun(RemoteTestNG.java:251)
at org.testng.remote.RemoteTestNG.main(RemoteTestNG.java:77)
Caused by: org.openqa.selenium.json.JsonException: Unable to determine type from: P. Last 1 characters read: P
Build info: version: '3.14.0', revision: 'aacccce0', time: '2018-08-02T20:19:58.91Z'
System info: host: 'RahulKaelsMini2', ip: '192.168.1.32', os.name: 'Mac OS X', os.arch: 'x86_64', os.version: '10.11.6', java.version: '1.8.0_162'
Driver info: driver.version: AndroidDriver
at org.openqa.selenium.json.JsonInput.peek(JsonInput.java:121)
at org.openqa.selenium.json.JsonTypeCoercer.lambda$null$6(JsonTypeCoercer.java:137)
at org.openqa.selenium.json.JsonTypeCoercer.coerce(JsonTypeCoercer.java:123)
at org.openqa.selenium.json.Json.toType(Json.java:60)
at org.openqa.selenium.json.Json.toType(Json.java:50)
at org.openqa.selenium.remote.ProtocolHandshake.createSession(ProtocolHandshake.java:108)
... 43 more
]]>
            </full-stacktrace>
          </exception> <!-- org.openqa.selenium.WebDriverException -->
          <reporter-output>
            <line>
              <![CDATA[Completed executing following method : HomePageTest.setUp]]>
            </line>
          </reporter-output>
        </test-method> <!-- setUp -->
        <test-method status="SKIP" signature="verifyHomePageTitle()[pri:1, instance:com.torenzosite.qa.testcases.HomePageTest@4b952a2d]" name="verifyHomePageTitle" duration-ms="0" started-at="2018-12-24T12:33:08Z" finished-at="2018-12-24T12:33:08Z">
          <exception class="org.openqa.selenium.WebDriverException">
            <message>
              <![CDATA[Unable to parse remote response: Parameters were incorrect. We wanted {"required":["desiredCapabilities"],"optional":["requiredCapabilities","sessionId","id"]} and you sent ["desiredCapabilities","capabilities"]]]>
            </message>
            <full-stacktrace>
              <![CDATA[org.openqa.selenium.WebDriverException: Unable to parse remote response: Parameters were incorrect. We wanted {"required":["desiredCapabilities"],"optional":["requiredCapabilities","sessionId","id"]} and you sent ["desiredCapabilities","capabilities"]
at org.openqa.selenium.remote.ProtocolHandshake.createSession(ProtocolHandshake.java:111)
at org.openqa.selenium.remote.ProtocolHandshake.createSession(ProtocolHandshake.java:73)
at org.openqa.selenium.remote.HttpCommandExecutor.execute(HttpCommandExecutor.java:136)
at io.appium.java_client.remote.AppiumCommandExecutor.execute(AppiumCommandExecutor.java:69)
at org.openqa.selenium.remote.RemoteWebDriver.execute(RemoteWebDriver.java:548)
at io.appium.java_client.DefaultGenericMobileDriver.execute(DefaultGenericMobileDriver.java:42)
at io.appium.java_client.AppiumDriver.execute(AppiumDriver.java:1)
at io.appium.java_client.android.AndroidDriver.execute(AndroidDriver.java:1)
at org.openqa.selenium.remote.RemoteWebDriver.startSession(RemoteWebDriver.java:212)
at org.openqa.selenium.remote.RemoteWebDriver.<init>(RemoteWebDriver.java:130)
at io.appium.java_client.DefaultGenericMobileDriver.<init>(DefaultGenericMobileDriver.java:38)
at io.appium.java_client.AppiumDriver.<init>(AppiumDriver.java:89)
at io.appium.java_client.AppiumDriver.<init>(AppiumDriver.java:113)
at io.appium.java_client.android.AndroidDriver.<init>(AndroidDriver.java:73)
at com.torenzosite.qa.base.TestBase.initialization(TestBase.java:98)
at com.torenzosite.qa.testcases.HomePageTest.setUp(HomePageTest.java:36)
at sun.reflect.NativeMethodAccessorImpl.invoke0(Native Method)
at sun.reflect.NativeMethodAccessorImpl.invoke(NativeMethodAccessorImpl.java:62)
at sun.reflect.DelegatingMethodAccessorImpl.invoke(DelegatingMethodAccessorImpl.java:43)
at java.lang.reflect.Method.invoke(Method.java:498)
at org.testng.internal.MethodInvocationHelper.invokeMethod(MethodInvocationHelper.java:124)
at org.testng.internal.MethodInvocationHelper.invokeMethodConsideringTimeout(MethodInvocationHelper.java:59)
at org.testng.internal.Invoker.invokeConfigurationMethod(Invoker.java:458)
at org.testng.internal.Invoker.invokeConfigurations(Invoker.java:222)
at org.testng.internal.Invoker.invokeMethod(Invoker.java:523)
at org.testng.internal.Invoker.invokeTestMethod(Invoker.java:719)
at org.testng.internal.Invoker.invokeTestMethods(Invoker.java:989)
at org.testng.internal.TestMethodWorker.invokeTestMethods(TestMethodWorker.java:125)
at org.testng.internal.TestMethodWorker.run(TestMethodWorker.java:109)
at org.testng.TestRunner.privateRun(TestRunner.java:648)
at org.testng.TestRunner.run(TestRunner.java:505)
at org.testng.SuiteRunner.runTest(SuiteRunner.java:455)
at org.testng.SuiteRunner.runSequentially(SuiteRunner.java:450)
at org.testng.SuiteRunner.privateRun(SuiteRunner.java:415)
at org.testng.SuiteRunner.run(SuiteRunner.java:364)
at org.testng.SuiteRunnerWorker.runSuite(SuiteRunnerWorker.java:52)
at org.testng.SuiteRunnerWorker.run(SuiteRunnerWorker.java:84)
at org.testng.TestNG.runSuitesSequentially(TestNG.java:1208)
at org.testng.TestNG.runSuitesLocally(TestNG.java:1137)
at org.testng.TestNG.runSuites(TestNG.java:1049)
at org.testng.TestNG.run(TestNG.java:1017)
at org.testng.remote.AbstractRemoteTestNG.run(AbstractRemoteTestNG.java:114)
at org.testng.remote.RemoteTestNG.initAndRun(RemoteTestNG.java:251)
at org.testng.remote.RemoteTestNG.main(RemoteTestNG.java:77)
Caused by: org.openqa.selenium.json.JsonException: Unable to determine type from: P. Last 1 characters read: P
Build info: version: '3.14.0', revision: 'aacccce0', time: '2018-08-02T20:19:58.91Z'
System info: host: 'RahulKaelsMini2', ip: '192.168.1.32', os.name: 'Mac OS X', os.arch: 'x86_64', os.version: '10.11.6', java.version: '1.8.0_162'
Driver info: driver.version: AndroidDriver
at org.openqa.selenium.json.JsonInput.peek(JsonInput.java:121)
at org.openqa.selenium.json.JsonTypeCoercer.lambda$null$6(JsonTypeCoercer.java:137)
at org.openqa.selenium.json.JsonTypeCoercer.coerce(JsonTypeCoercer.java:123)
at org.openqa.selenium.json.Json.toType(Json.java:60)
at org.openqa.selenium.json.Json.toType(Json.java:50)
at org.openqa.selenium.remote.ProtocolHandshake.createSession(ProtocolHandshake.java:108)
... 43 more
]]>
            </full-stacktrace>
          </exception> <!-- org.openqa.selenium.WebDriverException -->
          <reporter-output>
            <line>
              <![CDATA[(About@Test Method)Test Method resides in com.torenzosite.qa.testcases.HomePageTest]]>
            </line>
            <line>
              <![CDATA[Test Status: Skipped]]>
            </line>
            <line>
              <![CDATA[About to begin executing following method : HomePageTest.verifyHomePageTitle]]>
            </line>
            <line>
              <![CDATA[Completed executing following method : HomePageTest.verifyHomePageTitle]]>
>>>>>>> Stashed changes
            </line>
          </reporter-output>
        </test-method> <!-- verifyHomePageTitle -->
        <test-method status="SKIP" signature="tearDown()[pri:0, instance:com.torenzosite.qa.testcases.HomePageTest@4b952a2d]" name="tearDown" is-config="true" duration-ms="0" started-at="2018-12-24T12:33:08Z" finished-at="2018-12-24T12:33:08Z">
          <reporter-output>
          </reporter-output>
        </test-method> <!-- tearDown -->
        <test-method status="SKIP" signature="setUp()[pri:0, instance:com.torenzosite.qa.testcases.HomePageTest@4b952a2d]" name="setUp" is-config="true" duration-ms="0" started-at="2018-12-24T12:33:08Z" finished-at="2018-12-24T12:33:08Z">
          <reporter-output>
          </reporter-output>
        </test-method> <!-- setUp -->
<<<<<<< Updated upstream
        <test-method status="PASS" signature="findBrokenLinkOnTorenzoMainPage()[pri:0, instance:com.torenzosite.qa.testcases.BrokenImageAndLinks@6adede5]" name="findBrokenLinkOnTorenzoMainPage" duration-ms="20071" started-at="2018-12-28T06:57:19Z" finished-at="2018-12-28T06:57:40Z">
          <reporter-output>
            <line>
              <![CDATA[About to begin executing following method : BrokenImageAndLinks.findBrokenLinkOnTorenzoMainPage]]>
            </line>
            <line>
              <![CDATA[Completed executing following method : BrokenImageAndLinks.findBrokenLinkOnTorenzoMainPage]]>
            </line>
            <line>
              <![CDATA[About to begin executing following method : BrokenImageAndLinks.tearDown]]>
            </line>
          </reporter-output>
        </test-method> <!-- findBrokenLinkOnTorenzoMainPage -->
        <test-method status="PASS" signature="tearDown()[pri:0, instance:com.torenzosite.qa.testcases.BrokenImageAndLinks@6adede5]" name="tearDown" is-config="true" duration-ms="538" started-at="2018-12-28T06:57:40Z" finished-at="2018-12-28T06:57:40Z">
          <reporter-output>
            <line>
              <![CDATA[Completed executing following method : BrokenImageAndLinks.tearDown]]>
            </line>
          </reporter-output>
        </test-method> <!-- tearDown -->
      </class> <!-- com.torenzosite.qa.testcases.BrokenImageAndLinks -->
      <class name="com.torenzosite.qa.testcases.HomePageTest">
        <test-method status="PASS" signature="setUp()[pri:0, instance:com.torenzosite.qa.testcases.HomePageTest@2d928643]" name="setUp" is-config="true" duration-ms="12460" started-at="2018-12-28T06:57:40Z" finished-at="2018-12-28T06:57:53Z">
          <reporter-output>
            <line>
              <![CDATA[Completed executing following method : HomePageTest.setUp]]>
            </line>
          </reporter-output>
        </test-method> <!-- setUp -->
        <test-method status="PASS" signature="verifyHomePageTitle()[pri:1, instance:com.torenzosite.qa.testcases.HomePageTest@2d928643]" name="verifyHomePageTitle" duration-ms="93" started-at="2018-12-28T06:57:53Z" finished-at="2018-12-28T06:57:53Z">
          <reporter-output>
            <line>
              <![CDATA[About to begin executing following method : HomePageTest.verifyHomePageTitle]]>
            </line>
            <line>
              <![CDATA[Completed executing following method : HomePageTest.verifyHomePageTitle]]>
            </line>
            <line>
              <![CDATA[About to begin executing following method : HomePageTest.tearDown]]>
            </line>
          </reporter-output>
        </test-method> <!-- verifyHomePageTitle -->
        <test-method status="PASS" signature="tearDown()[pri:0, instance:com.torenzosite.qa.testcases.HomePageTest@2d928643]" name="tearDown" is-config="true" duration-ms="840" started-at="2018-12-28T06:57:53Z" finished-at="2018-12-28T06:57:54Z">
          <reporter-output>
            <line>
              <![CDATA[Completed executing following method : HomePageTest.tearDown]]>
            </line>
          </reporter-output>
        </test-method> <!-- tearDown -->
        <test-method status="PASS" signature="setUp()[pri:0, instance:com.torenzosite.qa.testcases.HomePageTest@2d928643]" name="setUp" is-config="true" duration-ms="11296" started-at="2018-12-28T06:57:54Z" finished-at="2018-12-28T06:58:05Z">
          <reporter-output>
            <line>
              <![CDATA[Completed executing following method : HomePageTest.setUp]]>
            </line>
          </reporter-output>
        </test-method> <!-- setUp -->
        <test-method status="FAIL" signature="verifyEmailAddreeField()[pri:2, instance:com.torenzosite.qa.testcases.HomePageTest@2d928643]" name="verifyEmailAddreeField" duration-ms="981" started-at="2018-12-28T06:58:05Z" finished-at="2018-12-28T06:58:06Z">
          <exception class="java.lang.AssertionError">
            <message>
              <![CDATA[After entering valid Email ID IT's not navigating Succefull page expected [Thank You! - Detroit, Ann Arbor, Warren | Torenzo] but found []]]>
            </message>
            <full-stacktrace>
              <![CDATA[java.lang.AssertionError: After entering valid Email ID IT's not navigating Succefull page expected [Thank You! - Detroit, Ann Arbor, Warren | Torenzo] but found []
at org.testng.Assert.fail(Assert.java:96)
at org.testng.Assert.failNotEquals(Assert.java:776)
at org.testng.Assert.assertEqualsImpl(Assert.java:137)
at org.testng.Assert.assertEquals(Assert.java:118)
at org.testng.Assert.assertEquals(Assert.java:453)
at com.torenzosite.qa.testcases.HomePageTest.verifyEmailAddreeField(HomePageTest.java:56)
=======
        <test-method status="SKIP" signature="verifyEmailAddreeField()[pri:2, instance:com.torenzosite.qa.testcases.HomePageTest@4b952a2d]" name="verifyEmailAddreeField" duration-ms="0" started-at="2018-12-24T12:33:08Z" finished-at="2018-12-24T12:33:08Z">
          <exception class="org.openqa.selenium.WebDriverException">
            <message>
              <![CDATA[Unable to parse remote response: Parameters were incorrect. We wanted {"required":["desiredCapabilities"],"optional":["requiredCapabilities","sessionId","id"]} and you sent ["desiredCapabilities","capabilities"]]]>
            </message>
            <full-stacktrace>
              <![CDATA[org.openqa.selenium.WebDriverException: Unable to parse remote response: Parameters were incorrect. We wanted {"required":["desiredCapabilities"],"optional":["requiredCapabilities","sessionId","id"]} and you sent ["desiredCapabilities","capabilities"]
at org.openqa.selenium.remote.ProtocolHandshake.createSession(ProtocolHandshake.java:111)
at org.openqa.selenium.remote.ProtocolHandshake.createSession(ProtocolHandshake.java:73)
at org.openqa.selenium.remote.HttpCommandExecutor.execute(HttpCommandExecutor.java:136)
at io.appium.java_client.remote.AppiumCommandExecutor.execute(AppiumCommandExecutor.java:69)
at org.openqa.selenium.remote.RemoteWebDriver.execute(RemoteWebDriver.java:548)
at io.appium.java_client.DefaultGenericMobileDriver.execute(DefaultGenericMobileDriver.java:42)
at io.appium.java_client.AppiumDriver.execute(AppiumDriver.java:1)
at io.appium.java_client.android.AndroidDriver.execute(AndroidDriver.java:1)
at org.openqa.selenium.remote.RemoteWebDriver.startSession(RemoteWebDriver.java:212)
at org.openqa.selenium.remote.RemoteWebDriver.<init>(RemoteWebDriver.java:130)
at io.appium.java_client.DefaultGenericMobileDriver.<init>(DefaultGenericMobileDriver.java:38)
at io.appium.java_client.AppiumDriver.<init>(AppiumDriver.java:89)
at io.appium.java_client.AppiumDriver.<init>(AppiumDriver.java:113)
at io.appium.java_client.android.AndroidDriver.<init>(AndroidDriver.java:73)
at com.torenzosite.qa.base.TestBase.initialization(TestBase.java:98)
at com.torenzosite.qa.testcases.HomePageTest.setUp(HomePageTest.java:36)
at sun.reflect.NativeMethodAccessorImpl.invoke0(Native Method)
at sun.reflect.NativeMethodAccessorImpl.invoke(NativeMethodAccessorImpl.java:62)
at sun.reflect.DelegatingMethodAccessorImpl.invoke(DelegatingMethodAccessorImpl.java:43)
at java.lang.reflect.Method.invoke(Method.java:498)
at org.testng.internal.MethodInvocationHelper.invokeMethod(MethodInvocationHelper.java:124)
at org.testng.internal.MethodInvocationHelper.invokeMethodConsideringTimeout(MethodInvocationHelper.java:59)
at org.testng.internal.Invoker.invokeConfigurationMethod(Invoker.java:458)
at org.testng.internal.Invoker.invokeConfigurations(Invoker.java:222)
at org.testng.internal.Invoker.invokeMethod(Invoker.java:523)
at org.testng.internal.Invoker.invokeTestMethod(Invoker.java:719)
at org.testng.internal.Invoker.invokeTestMethods(Invoker.java:989)
at org.testng.internal.TestMethodWorker.invokeTestMethods(TestMethodWorker.java:125)
at org.testng.internal.TestMethodWorker.run(TestMethodWorker.java:109)
at org.testng.TestRunner.privateRun(TestRunner.java:648)
at org.testng.TestRunner.run(TestRunner.java:505)
at org.testng.SuiteRunner.runTest(SuiteRunner.java:455)
at org.testng.SuiteRunner.runSequentially(SuiteRunner.java:450)
at org.testng.SuiteRunner.privateRun(SuiteRunner.java:415)
at org.testng.SuiteRunner.run(SuiteRunner.java:364)
at org.testng.SuiteRunnerWorker.runSuite(SuiteRunnerWorker.java:52)
at org.testng.SuiteRunnerWorker.run(SuiteRunnerWorker.java:84)
at org.testng.TestNG.runSuitesSequentially(TestNG.java:1208)
at org.testng.TestNG.runSuitesLocally(TestNG.java:1137)
at org.testng.TestNG.runSuites(TestNG.java:1049)
at org.testng.TestNG.run(TestNG.java:1017)
at org.testng.remote.AbstractRemoteTestNG.run(AbstractRemoteTestNG.java:114)
at org.testng.remote.RemoteTestNG.initAndRun(RemoteTestNG.java:251)
at org.testng.remote.RemoteTestNG.main(RemoteTestNG.java:77)
Caused by: org.openqa.selenium.json.JsonException: Unable to determine type from: P. Last 1 characters read: P
Build info: version: '3.14.0', revision: 'aacccce0', time: '2018-08-02T20:19:58.91Z'
System info: host: 'RahulKaelsMini2', ip: '192.168.1.32', os.name: 'Mac OS X', os.arch: 'x86_64', os.version: '10.11.6', java.version: '1.8.0_162'
Driver info: driver.version: AndroidDriver
at org.openqa.selenium.json.JsonInput.peek(JsonInput.java:121)
at org.openqa.selenium.json.JsonTypeCoercer.lambda$null$6(JsonTypeCoercer.java:137)
at org.openqa.selenium.json.JsonTypeCoercer.coerce(JsonTypeCoercer.java:123)
at org.openqa.selenium.json.Json.toType(Json.java:60)
at org.openqa.selenium.json.Json.toType(Json.java:50)
at org.openqa.selenium.remote.ProtocolHandshake.createSession(ProtocolHandshake.java:108)
... 43 more
]]>
            </full-stacktrace>
          </exception> <!-- org.openqa.selenium.WebDriverException -->
          <reporter-output>
            <line>
              <![CDATA[(About@Test Method)Test Method resides in com.torenzosite.qa.testcases.HomePageTest]]>
            </line>
            <line>
              <![CDATA[Test Status: Skipped]]>
            </line>
            <line>
              <![CDATA[About to begin executing following method : HomePageTest.verifyEmailAddreeField]]>
            </line>
            <line>
              <![CDATA[Completed executing following method : HomePageTest.verifyEmailAddreeField]]>
            </line>
          </reporter-output>
        </test-method> <!-- verifyEmailAddreeField -->
        <test-method status="SKIP" signature="tearDown()[pri:0, instance:com.torenzosite.qa.testcases.HomePageTest@4b952a2d]" name="tearDown" is-config="true" duration-ms="0" started-at="2018-12-24T12:33:08Z" finished-at="2018-12-24T12:33:08Z">
          <reporter-output>
          </reporter-output>
        </test-method> <!-- tearDown -->
        <test-method status="SKIP" signature="setUp()[pri:0, instance:com.torenzosite.qa.testcases.HomePageTest@4b952a2d]" name="setUp" is-config="true" duration-ms="0" started-at="2018-12-24T12:33:08Z" finished-at="2018-12-24T12:33:08Z">
          <reporter-output>
          </reporter-output>
        </test-method> <!-- setUp -->
        <test-method status="SKIP" signature="verifyWithEmptyEmailAddreeField()[pri:3, instance:com.torenzosite.qa.testcases.HomePageTest@4b952a2d]" name="verifyWithEmptyEmailAddreeField" duration-ms="0" started-at="2018-12-24T12:33:08Z" finished-at="2018-12-24T12:33:08Z">
          <exception class="org.openqa.selenium.WebDriverException">
            <message>
              <![CDATA[Unable to parse remote response: Parameters were incorrect. We wanted {"required":["desiredCapabilities"],"optional":["requiredCapabilities","sessionId","id"]} and you sent ["desiredCapabilities","capabilities"]]]>
            </message>
            <full-stacktrace>
              <![CDATA[org.openqa.selenium.WebDriverException: Unable to parse remote response: Parameters were incorrect. We wanted {"required":["desiredCapabilities"],"optional":["requiredCapabilities","sessionId","id"]} and you sent ["desiredCapabilities","capabilities"]
at org.openqa.selenium.remote.ProtocolHandshake.createSession(ProtocolHandshake.java:111)
at org.openqa.selenium.remote.ProtocolHandshake.createSession(ProtocolHandshake.java:73)
at org.openqa.selenium.remote.HttpCommandExecutor.execute(HttpCommandExecutor.java:136)
at io.appium.java_client.remote.AppiumCommandExecutor.execute(AppiumCommandExecutor.java:69)
at org.openqa.selenium.remote.RemoteWebDriver.execute(RemoteWebDriver.java:548)
at io.appium.java_client.DefaultGenericMobileDriver.execute(DefaultGenericMobileDriver.java:42)
at io.appium.java_client.AppiumDriver.execute(AppiumDriver.java:1)
at io.appium.java_client.android.AndroidDriver.execute(AndroidDriver.java:1)
at org.openqa.selenium.remote.RemoteWebDriver.startSession(RemoteWebDriver.java:212)
at org.openqa.selenium.remote.RemoteWebDriver.<init>(RemoteWebDriver.java:130)
at io.appium.java_client.DefaultGenericMobileDriver.<init>(DefaultGenericMobileDriver.java:38)
at io.appium.java_client.AppiumDriver.<init>(AppiumDriver.java:89)
at io.appium.java_client.AppiumDriver.<init>(AppiumDriver.java:113)
at io.appium.java_client.android.AndroidDriver.<init>(AndroidDriver.java:73)
at com.torenzosite.qa.base.TestBase.initialization(TestBase.java:98)
at com.torenzosite.qa.testcases.HomePageTest.setUp(HomePageTest.java:36)
at sun.reflect.NativeMethodAccessorImpl.invoke0(Native Method)
at sun.reflect.NativeMethodAccessorImpl.invoke(NativeMethodAccessorImpl.java:62)
at sun.reflect.DelegatingMethodAccessorImpl.invoke(DelegatingMethodAccessorImpl.java:43)
at java.lang.reflect.Method.invoke(Method.java:498)
at org.testng.internal.MethodInvocationHelper.invokeMethod(MethodInvocationHelper.java:124)
at org.testng.internal.MethodInvocationHelper.invokeMethodConsideringTimeout(MethodInvocationHelper.java:59)
at org.testng.internal.Invoker.invokeConfigurationMethod(Invoker.java:458)
at org.testng.internal.Invoker.invokeConfigurations(Invoker.java:222)
at org.testng.internal.Invoker.invokeMethod(Invoker.java:523)
at org.testng.internal.Invoker.invokeTestMethod(Invoker.java:719)
at org.testng.internal.Invoker.invokeTestMethods(Invoker.java:989)
at org.testng.internal.TestMethodWorker.invokeTestMethods(TestMethodWorker.java:125)
at org.testng.internal.TestMethodWorker.run(TestMethodWorker.java:109)
at org.testng.TestRunner.privateRun(TestRunner.java:648)
at org.testng.TestRunner.run(TestRunner.java:505)
at org.testng.SuiteRunner.runTest(SuiteRunner.java:455)
at org.testng.SuiteRunner.runSequentially(SuiteRunner.java:450)
at org.testng.SuiteRunner.privateRun(SuiteRunner.java:415)
at org.testng.SuiteRunner.run(SuiteRunner.java:364)
at org.testng.SuiteRunnerWorker.runSuite(SuiteRunnerWorker.java:52)
at org.testng.SuiteRunnerWorker.run(SuiteRunnerWorker.java:84)
at org.testng.TestNG.runSuitesSequentially(TestNG.java:1208)
at org.testng.TestNG.runSuitesLocally(TestNG.java:1137)
at org.testng.TestNG.runSuites(TestNG.java:1049)
at org.testng.TestNG.run(TestNG.java:1017)
at org.testng.remote.AbstractRemoteTestNG.run(AbstractRemoteTestNG.java:114)
at org.testng.remote.RemoteTestNG.initAndRun(RemoteTestNG.java:251)
at org.testng.remote.RemoteTestNG.main(RemoteTestNG.java:77)
Caused by: org.openqa.selenium.json.JsonException: Unable to determine type from: P. Last 1 characters read: P
Build info: version: '3.14.0', revision: 'aacccce0', time: '2018-08-02T20:19:58.91Z'
System info: host: 'RahulKaelsMini2', ip: '192.168.1.32', os.name: 'Mac OS X', os.arch: 'x86_64', os.version: '10.11.6', java.version: '1.8.0_162'
Driver info: driver.version: AndroidDriver
at org.openqa.selenium.json.JsonInput.peek(JsonInput.java:121)
at org.openqa.selenium.json.JsonTypeCoercer.lambda$null$6(JsonTypeCoercer.java:137)
at org.openqa.selenium.json.JsonTypeCoercer.coerce(JsonTypeCoercer.java:123)
at org.openqa.selenium.json.Json.toType(Json.java:60)
at org.openqa.selenium.json.Json.toType(Json.java:50)
at org.openqa.selenium.remote.ProtocolHandshake.createSession(ProtocolHandshake.java:108)
... 43 more
]]>
            </full-stacktrace>
          </exception> <!-- org.openqa.selenium.WebDriverException -->
          <reporter-output>
            <line>
              <![CDATA[(About@Test Method)Test Method resides in com.torenzosite.qa.testcases.HomePageTest]]>
            </line>
            <line>
              <![CDATA[Test Status: Skipped]]>
            </line>
            <line>
              <![CDATA[About to begin executing following method : HomePageTest.verifyWithEmptyEmailAddreeField]]>
            </line>
            <line>
              <![CDATA[Completed executing following method : HomePageTest.verifyWithEmptyEmailAddreeField]]>
            </line>
          </reporter-output>
        </test-method> <!-- verifyWithEmptyEmailAddreeField -->
        <test-method status="SKIP" signature="tearDown()[pri:0, instance:com.torenzosite.qa.testcases.HomePageTest@4b952a2d]" name="tearDown" is-config="true" duration-ms="0" started-at="2018-12-24T12:33:08Z" finished-at="2018-12-24T12:33:08Z">
          <reporter-output>
          </reporter-output>
        </test-method> <!-- tearDown -->
        <test-method status="SKIP" signature="setUp()[pri:0, instance:com.torenzosite.qa.testcases.HomePageTest@4b952a2d]" name="setUp" is-config="true" duration-ms="0" started-at="2018-12-24T12:33:08Z" finished-at="2018-12-24T12:33:08Z">
          <reporter-output>
          </reporter-output>
        </test-method> <!-- setUp -->
        <test-method status="SKIP" signature="verifyWithInvalidEmailAddreeField()[pri:4, instance:com.torenzosite.qa.testcases.HomePageTest@4b952a2d]" name="verifyWithInvalidEmailAddreeField" duration-ms="0" started-at="2018-12-24T12:33:08Z" finished-at="2018-12-24T12:33:08Z">
          <exception class="org.openqa.selenium.WebDriverException">
            <message>
              <![CDATA[Unable to parse remote response: Parameters were incorrect. We wanted {"required":["desiredCapabilities"],"optional":["requiredCapabilities","sessionId","id"]} and you sent ["desiredCapabilities","capabilities"]]]>
            </message>
            <full-stacktrace>
              <![CDATA[org.openqa.selenium.WebDriverException: Unable to parse remote response: Parameters were incorrect. We wanted {"required":["desiredCapabilities"],"optional":["requiredCapabilities","sessionId","id"]} and you sent ["desiredCapabilities","capabilities"]
at org.openqa.selenium.remote.ProtocolHandshake.createSession(ProtocolHandshake.java:111)
at org.openqa.selenium.remote.ProtocolHandshake.createSession(ProtocolHandshake.java:73)
at org.openqa.selenium.remote.HttpCommandExecutor.execute(HttpCommandExecutor.java:136)
at io.appium.java_client.remote.AppiumCommandExecutor.execute(AppiumCommandExecutor.java:69)
at org.openqa.selenium.remote.RemoteWebDriver.execute(RemoteWebDriver.java:548)
at io.appium.java_client.DefaultGenericMobileDriver.execute(DefaultGenericMobileDriver.java:42)
at io.appium.java_client.AppiumDriver.execute(AppiumDriver.java:1)
at io.appium.java_client.android.AndroidDriver.execute(AndroidDriver.java:1)
at org.openqa.selenium.remote.RemoteWebDriver.startSession(RemoteWebDriver.java:212)
at org.openqa.selenium.remote.RemoteWebDriver.<init>(RemoteWebDriver.java:130)
at io.appium.java_client.DefaultGenericMobileDriver.<init>(DefaultGenericMobileDriver.java:38)
at io.appium.java_client.AppiumDriver.<init>(AppiumDriver.java:89)
at io.appium.java_client.AppiumDriver.<init>(AppiumDriver.java:113)
at io.appium.java_client.android.AndroidDriver.<init>(AndroidDriver.java:73)
at com.torenzosite.qa.base.TestBase.initialization(TestBase.java:98)
at com.torenzosite.qa.testcases.HomePageTest.setUp(HomePageTest.java:36)
>>>>>>> Stashed changes
at sun.reflect.NativeMethodAccessorImpl.invoke0(Native Method)
at sun.reflect.NativeMethodAccessorImpl.invoke(NativeMethodAccessorImpl.java:62)
at sun.reflect.DelegatingMethodAccessorImpl.invoke(DelegatingMethodAccessorImpl.java:43)
at java.lang.reflect.Method.invoke(Method.java:498)
at org.testng.internal.MethodInvocationHelper.invokeMethod(MethodInvocationHelper.java:124)
<<<<<<< Updated upstream
at org.testng.internal.Invoker.invokeMethod(Invoker.java:580)
at org.testng.internal.Invoker.invokeTestMethod(Invoker.java:716)
at org.testng.internal.Invoker.invokeTestMethods(Invoker.java:988)
=======
at org.testng.internal.MethodInvocationHelper.invokeMethodConsideringTimeout(MethodInvocationHelper.java:59)
at org.testng.internal.Invoker.invokeConfigurationMethod(Invoker.java:458)
at org.testng.internal.Invoker.invokeConfigurations(Invoker.java:222)
at org.testng.internal.Invoker.invokeMethod(Invoker.java:523)
at org.testng.internal.Invoker.invokeTestMethod(Invoker.java:719)
at org.testng.internal.Invoker.invokeTestMethods(Invoker.java:989)
>>>>>>> Stashed changes
at org.testng.internal.TestMethodWorker.invokeTestMethods(TestMethodWorker.java:125)
at org.testng.internal.TestMethodWorker.run(TestMethodWorker.java:109)
at org.testng.TestRunner.privateRun(TestRunner.java:648)
at org.testng.TestRunner.run(TestRunner.java:505)
at org.testng.SuiteRunner.runTest(SuiteRunner.java:455)
at org.testng.SuiteRunner.runSequentially(SuiteRunner.java:450)
at org.testng.SuiteRunner.privateRun(SuiteRunner.java:415)
at org.testng.SuiteRunner.run(SuiteRunner.java:364)
at org.testng.SuiteRunnerWorker.runSuite(SuiteRunnerWorker.java:52)
at org.testng.SuiteRunnerWorker.run(SuiteRunnerWorker.java:84)
at org.testng.TestNG.runSuitesSequentially(TestNG.java:1208)
at org.testng.TestNG.runSuitesLocally(TestNG.java:1137)
at org.testng.TestNG.runSuites(TestNG.java:1049)
at org.testng.TestNG.run(TestNG.java:1017)
at org.testng.remote.AbstractRemoteTestNG.run(AbstractRemoteTestNG.java:114)
at org.testng.remote.RemoteTestNG.initAndRun(RemoteTestNG.java:251)
at org.testng.remote.RemoteTestNG.main(RemoteTestNG.java:77)
Caused by: org.openqa.selenium.json.JsonException: Unable to determine type from: P. Last 1 characters read: P
Build info: version: '3.14.0', revision: 'aacccce0', time: '2018-08-02T20:19:58.91Z'
System info: host: 'RahulKaelsMini2', ip: '192.168.1.32', os.name: 'Mac OS X', os.arch: 'x86_64', os.version: '10.11.6', java.version: '1.8.0_162'
Driver info: driver.version: AndroidDriver
at org.openqa.selenium.json.JsonInput.peek(JsonInput.java:121)
at org.openqa.selenium.json.JsonTypeCoercer.lambda$null$6(JsonTypeCoercer.java:137)
at org.openqa.selenium.json.JsonTypeCoercer.coerce(JsonTypeCoercer.java:123)
at org.openqa.selenium.json.Json.toType(Json.java:60)
at org.openqa.selenium.json.Json.toType(Json.java:50)
at org.openqa.selenium.remote.ProtocolHandshake.createSession(ProtocolHandshake.java:108)
... 43 more
]]>
            </full-stacktrace>
<<<<<<< Updated upstream
          </exception> <!-- java.lang.AssertionError -->
          <reporter-output>
            <line>
              <![CDATA[About to begin executing following method : HomePageTest.verifyEmailAddreeField]]>
=======
          </exception> <!-- org.openqa.selenium.WebDriverException -->
          <reporter-output>
            <line>
              <![CDATA[(About@Test Method)Test Method resides in com.torenzosite.qa.testcases.HomePageTest]]>
>>>>>>> Stashed changes
            </line>
            <line>
              <![CDATA[Completed executing following method : HomePageTest.verifyEmailAddreeField]]>
            </line>
            <line>
<<<<<<< Updated upstream
              <![CDATA[About to begin executing following method : HomePageTest.tearDown]]>
=======
              <![CDATA[About to begin executing following method : HomePageTest.verifyWithInvalidEmailAddreeField]]>
            </line>
            <line>
              <![CDATA[Completed executing following method : HomePageTest.verifyWithInvalidEmailAddreeField]]>
>>>>>>> Stashed changes
            </line>
          </reporter-output>
        </test-method> <!-- verifyEmailAddreeField -->
        <test-method status="PASS" signature="tearDown()[pri:0, instance:com.torenzosite.qa.testcases.HomePageTest@2d928643]" name="tearDown" is-config="true" duration-ms="917" started-at="2018-12-28T06:58:20Z" finished-at="2018-12-28T06:58:21Z">
          <reporter-output>
            <line>
              <![CDATA[Completed executing following method : HomePageTest.tearDown]]>
            </line>
          </reporter-output>
<<<<<<< Updated upstream
        </test-method> <!-- tearDown -->
      </class> <!-- com.torenzosite.qa.testcases.HomePageTest -->
    </test> <!-- TorenzoTest -->
  </suite> <!-- Torenzo WebSite -->
=======
        </test-method> <!-- verifyWithInvalidEmailAddreeField -->
        <test-method status="SKIP" signature="tearDown()[pri:0, instance:com.torenzosite.qa.testcases.HomePageTest@4b952a2d]" name="tearDown" is-config="true" duration-ms="0" started-at="2018-12-24T12:33:08Z" finished-at="2018-12-24T12:33:08Z">
          <reporter-output>
          </reporter-output>
        </test-method> <!-- tearDown -->
      </class> <!-- com.torenzosite.qa.testcases.HomePageTest -->
    </test> <!-- Default test -->
  </suite> <!-- Default suite -->
>>>>>>> Stashed changes
</testng-results>
