<html>
<head>
<title>TestNG:  Default test</title>
<link href="../testng.css" rel="stylesheet" type="text/css" />
<link href="../my-testng.css" rel="stylesheet" type="text/css" />

<style type="text/css">
.log { display: none;} 
.stack-trace { display: none;} 
</style>
<script type="text/javascript">
<!--
function flip(e) {
  current = e.style.display;
  if (current == 'block') {
    e.style.display = 'none';
    return 0;
  }
  else {
    e.style.display = 'block';
    return 1;
  }
}

function toggleBox(szDivId, elem, msg1, msg2)
{
  var res = -1;  if (document.getElementById) {
    res = flip(document.getElementById(szDivId));
  }
  else if (document.all) {
    // this is the way old msie versions work
    res = flip(document.all[szDivId]);
  }
  if(elem) {
    if(res == 0) elem.innerHTML = msg1; else elem.innerHTML = msg2;
  }

}

function toggleAllBoxes() {
  if (document.getElementsByTagName) {
    d = document.getElementsByTagName('div');
    for (i = 0; i < d.length; i++) {
      if (d[i].className == 'log') {
        flip(d[i]);
      }
    }
  }
}

// -->
</script>

</head>
<body>
<h2 align='center'>Default test</h2><table border='1' align="center">
<tr>
<td>Tests passed/Failed/Skipped:</td><td>8/2/0</td>
</tr><tr>
<td>Started on:</td><td>Fri Feb 01 17:55:26 IST 2019</td>
</tr>
<tr><td>Total time:</td><td>329 seconds (329030 ms)</td>
</tr><tr>
<td>Included groups:</td><td></td>
</tr><tr>
<td>Excluded groups:</td><td></td>
</tr>
</table><p/>
<small><i>(Hover the method name to see the test class name)</i></small><p/>
<table width='100%' border='1' class='invocation-failed'>
<tr><td colspan='4' align='center'><b>FAILED TESTS</b></td></tr>
<tr><td><b>Test method</b></td>
<td width="30%"><b>Exception</b></td>
<td width="10%"><b>Time (seconds)</b></td>
<td><b>Instance</b></td>
</tr>
<tr>
<td title='com.torenzosite.qa.testcases.FeaturePageTest.fillFormWithEmptyBussinesName()'><b>fillFormWithEmptyBussinesName</b><br>Test class: com.torenzosite.qa.testcases.FeaturePageTest<br/>
<a href="#Output-2059282367" onClick='toggleBox("Output-2059282367", this, "Show output", "Hide output");'>Show output</a>

<a href="#Output-2059282367" onClick="toggleAllBoxes();">Show all outputs</a>
<div class='log' id="Output-2059282367">
About to begin executing following method : FeaturePageTest.fillFormWithEmptyBussinesName<br/>
Completed executing following method : FeaturePageTest.fillFormWithEmptyBussinesName<br/>
About to begin executing following method : FeaturePageTest.tearDown<br/>
</div>
</td>
<td><div><pre>java.lang.AssertionError: Try Torenzo for FREE today page not found expected [Try Torenzo for FREE today] but found []
	at org.testng.Assert.fail(Assert.java:96)
	at org.testng.Assert.failNotEquals(Assert.java:776)
	at org.testng.Assert.assertEqualsImpl(Assert.java:137)
	at org.testng.Assert.assertEquals(Assert.java:118)
	at org.testng.Assert.assertEquals(Assert.java:453)
	at com.torenzosite.qa.testcases.FeaturePageTest.fillFormWithEmptyBussinesName(FeaturePageTest.java:262)
	at sun.reflect.NativeMethodAccessorImpl.invoke0(Native Method)
	at sun.reflect.NativeMethodAccessorImpl.invoke(Unknown Source)
	at sun.reflect.DelegatingMethodAccessorImpl.invoke(Unknown Source)
	at java.lang.reflect.Method.invoke(Unknown Source)
	at org.testng.internal.MethodInvocationHelper.invokeMethod(MethodInvocationHelper.java:124)
	at org.testng.internal.Invoker.invokeMethod(Invoker.java:580)
	at org.testng.internal.Invoker.invokeTestMethod(Invoker.java:716)
	at org.testng.internal.Invoker.invokeTestMethods(Invoker.java:988)
	at org.testng.internal.TestMethodWorker.invokeTestMethods(TestMethodWorker.java:125)
	at org.testng.internal.TestMethodWorker.run(TestMethodWorker.java:109)
	at org.testng.TestRunner.privateRun(TestRunner.java:648)
	at org.testng.TestRunner.run(TestRunner.java:505)
	at org.testng.SuiteRunner.runTest(SuiteRunner.java:455)
	at org.testng.SuiteRunner.runSequentially(SuiteRunner.java:450)
	at org.testng.SuiteRunner.privateRun(SuiteRunner.java:415)
	at org.testng.SuiteRunner.run(SuiteRunner.java:364)
	at org.testng.SuiteRunnerWorker.runSuite(SuiteRunnerWorker.java:52)
	at org.testng.SuiteRunnerWorker.run(SuiteRunnerWorker.java:84)
	at org.testng.TestNG.runSuitesSequentially(TestNG.java:1208)
	at org.testng.TestNG.runSuitesLocally(TestNG.java:1137)
	at org.testng.TestNG.runSuites(TestNG.java:1049)
	at org.testng.TestNG.run(TestNG.java:1017)
	at org.testng.remote.AbstractRemoteTestNG.run(AbstractRemoteTestNG.java:114)
	at org.testng.remote.RemoteTestNG.initAndRun(RemoteTestNG.java:251)
	at org.testng.remote.RemoteTestNG.main(RemoteTestNG.java:77)
</pre></div><a href='#' onClick='toggleBox("stack-trace2059282367", this, "Click to show all stack frames", "Click to hide stack frames")'>Click to show all stack frames</a>
<div class='stack-trace' id='stack-trace2059282367'><pre>java.lang.AssertionError: Try Torenzo for FREE today page not found expected [Try Torenzo for FREE today] but found []
	at org.testng.Assert.fail(Assert.java:96)
	at org.testng.Assert.failNotEquals(Assert.java:776)
	at org.testng.Assert.assertEqualsImpl(Assert.java:137)
	at org.testng.Assert.assertEquals(Assert.java:118)
	at org.testng.Assert.assertEquals(Assert.java:453)
	at com.torenzosite.qa.testcases.FeaturePageTest.fillFormWithEmptyBussinesName(FeaturePageTest.java:262)
	at sun.reflect.NativeMethodAccessorImpl.invoke0(Native Method)
	at sun.reflect.NativeMethodAccessorImpl.invoke(Unknown Source)
	at sun.reflect.DelegatingMethodAccessorImpl.invoke(Unknown Source)
	at java.lang.reflect.Method.invoke(Unknown Source)
	at org.testng.internal.MethodInvocationHelper.invokeMethod(MethodInvocationHelper.java:124)
	at org.testng.internal.Invoker.invokeMethod(Invoker.java:580)
	at org.testng.internal.Invoker.invokeTestMethod(Invoker.java:716)
	at org.testng.internal.Invoker.invokeTestMethods(Invoker.java:988)
	at org.testng.internal.TestMethodWorker.invokeTestMethods(TestMethodWorker.java:125)
	at org.testng.internal.TestMethodWorker.run(TestMethodWorker.java:109)
	at org.testng.TestRunner.privateRun(TestRunner.java:648)
	at org.testng.TestRunner.run(TestRunner.java:505)
	at org.testng.SuiteRunner.runTest(SuiteRunner.java:455)
	at org.testng.SuiteRunner.runSequentially(SuiteRunner.java:450)
	at org.testng.SuiteRunner.privateRun(SuiteRunner.java:415)
	at org.testng.SuiteRunner.run(SuiteRunner.java:364)
	at org.testng.SuiteRunnerWorker.runSuite(SuiteRunnerWorker.java:52)
	at org.testng.SuiteRunnerWorker.run(SuiteRunnerWorker.java:84)
	at org.testng.TestNG.runSuitesSequentially(TestNG.java:1208)
	at org.testng.TestNG.runSuitesLocally(TestNG.java:1137)
	at org.testng.TestNG.runSuites(TestNG.java:1049)
	at org.testng.TestNG.run(TestNG.java:1017)
	at org.testng.remote.AbstractRemoteTestNG.run(AbstractRemoteTestNG.java:114)
	at org.testng.remote.RemoteTestNG.initAndRun(RemoteTestNG.java:251)
	at org.testng.remote.RemoteTestNG.main(RemoteTestNG.java:77)
</pre></div></td>
<td>22</td>
<td>com.torenzosite.qa.testcases.FeaturePageTest@4e4aea35</td></tr>
<tr>
<td title='com.torenzosite.qa.testcases.FeaturePageTest.verifyTryTorenzoForFree()'><b>verifyTryTorenzoForFree</b><br>Test class: com.torenzosite.qa.testcases.FeaturePageTest<br/>
<a href="#Output-1714688478" onClick='toggleBox("Output-1714688478", this, "Show output", "Hide output");'>Show output</a>

<a href="#Output-1714688478" onClick="toggleAllBoxes();">Show all outputs</a>
<div class='log' id="Output-1714688478">
About to begin executing following method : FeaturePageTest.verifyTryTorenzoForFree<br/>
Completed executing following method : FeaturePageTest.verifyTryTorenzoForFree<br/>
About to begin executing following method : FeaturePageTest.tearDown<br/>
</div>
</td>
<td><div><pre>org.openqa.selenium.WebDriverException: unknown error: Element &lt;a rel=&quot;jumpdown&quot; href=&quot;#features&quot;&gt;...&lt;/a&gt; is not clickable at point (671, 60). Other element would receive the click: &lt;img src=&quot;http://117.254.84.212:3000/images/latest_ad_2_31-01-2019.jpg&quot; width=&quot;970&quot; height=&quot;250&quot; usemap=&quot;#imagemap&quot;&gt;
  (Session info: chrome=71.0.3578.98)
  (Driver info: chromedriver=2.45.615291 (ec3682e3c9061c10f26ea9e5cdcf3c53f3f74387),platform=Windows NT 10.0.17134 x86_64) (WARNING: The server did not provide any stacktrace information)
Command duration or timeout: 0 milliseconds
Build info: version: &apos;3.14.0&apos;, revision: &apos;aacccce0&apos;, time: &apos;2018-08-02T20:19:58.91Z&apos;
System info: host: &apos;DESKTOP-A3DICO7&apos;, ip: &apos;169.254.89.74&apos;, os.name: &apos;Windows 10&apos;, os.arch: &apos;amd64&apos;, os.version: &apos;10.0&apos;, java.version: &apos;1.8.0_131&apos;
Driver info: org.openqa.selenium.chrome.ChromeDriver
Capabilities {acceptInsecureCerts: false, acceptSslCerts: false, applicationCacheEnabled: false, browserConnectionEnabled: false, browserName: chrome, chrome: {chromedriverVersion: 2.45.615291 (ec3682e3c9061c..., userDataDir: C:\Users\Sachin\AppData\Loc...}, cssSelectorsEnabled: true, databaseEnabled: false, goog:chromeOptions: {debuggerAddress: localhost:49159}, handlesAlerts: true, hasTouchScreen: false, javascriptEnabled: true, locationContextEnabled: true, mobileEmulationEnabled: false, nativeEvents: true, networkConnectionEnabled: false, pageLoadStrategy: normal, platform: XP, platformName: XP, proxy: Proxy(), rotatable: false, setWindowRect: true, strictFileInteractability: false, takesHeapSnapshot: true, takesScreenshot: true, timeouts: {implicit: 0, pageLoad: 300000, script: 30000}, unexpectedAlertBehaviour: ignore, unhandledPromptBehavior: ignore, version: 71.0.3578.98, webStorageEnabled: true}
Session ID: 96acc209d6552d34a612d8d144cf90a2
	at sun.reflect.NativeConstructorAccessorImpl.newInstance0(Native Method)
	at sun.reflect.NativeConstructorAccessorImpl.newInstance(Unknown Source)
	at sun.reflect.DelegatingConstructorAccessorImpl.newInstance(Unknown Source)
	at java.lang.reflect.Constructor.newInstance(Unknown Source)
	at org.openqa.selenium.remote.ErrorHandler.createThrowable(ErrorHandler.java:214)
	at org.openqa.selenium.remote.ErrorHandler.throwIfResponseFailed(ErrorHandler.java:166)
	at org.openqa.selenium.remote.http.JsonHttpResponseCodec.reconstructValue(JsonHttpResponseCodec.java:40)
	at org.openqa.selenium.remote.http.AbstractHttpResponseCodec.decode(AbstractHttpResponseCodec.java:80)
	at org.openqa.selenium.remote.http.AbstractHttpResponseCodec.decode(AbstractHttpResponseCodec.java:44)
	at org.openqa.selenium.remote.HttpCommandExecutor.execute(HttpCommandExecutor.java:158)
	at org.openqa.selenium.remote.service.DriverCommandExecutor.execute(DriverCommandExecutor.java:83)
	at org.openqa.selenium.remote.RemoteWebDriver.execute(RemoteWebDriver.java:548)
	at org.openqa.selenium.remote.RemoteWebElement.execute(RemoteWebElement.java:276)
	at org.openqa.selenium.remote.RemoteWebElement.click(RemoteWebElement.java:83)
	at sun.reflect.NativeMethodAccessorImpl.invoke0(Native Method)
	at sun.reflect.NativeMethodAccessorImpl.invoke(Unknown Source)
	at sun.reflect.DelegatingMethodAccessorImpl.invoke(Unknown Source)
	at java.lang.reflect.Method.invoke(Unknown Source)
	at org.openqa.selenium.support.pagefactory.internal.LocatingElementHandler.invoke(LocatingElementHandler.java:51)
	at com.sun.proxy.$Proxy11.click(Unknown Source)
	at com.torenzosite.qa.pages.HomePage.clickOnFeatures(HomePage.java:87)
	at com.torenzosite.qa.testcases.FeaturePageTest.verifyTryTorenzoForFree(FeaturePageTest.java:94)
	at sun.reflect.NativeMethodAccessorImpl.invoke0(Native Method)
	at sun.reflect.NativeMethodAccessorImpl.invoke(Unknown Source)
	at sun.reflect.DelegatingMethodAccessorImpl.invoke(Unknown Source)
	at java.lang.reflect.Method.invoke(Unknown Source)
	at org.testng.internal.MethodInvocationHelper.invokeMethod(MethodInvocationHelper.java:124)
	at org.testng.internal.Invoker.invokeMethod(Invoker.java:580)
	at org.testng.internal.Invoker.invokeTestMethod(Invoker.java:716)
	at org.testng.internal.Invoker.invokeTestMethods(Invoker.java:988)
	at org.testng.internal.TestMethodWorker.invokeTestMethods(TestMethodWorker.java:125)
	at org.testng.internal.TestMethodWorker.run(TestMethodWorker.java:109)
	at org.testng.TestRunner.privateRun(TestRunner.java:648)
	at org.testng.TestRunner.run(TestRunner.java:505)
	at org.testng.SuiteRunner.runTest(SuiteRunner.java:455)
	at org.testng.SuiteRunner.runSequentially(SuiteRunner.java:450)
	at org.testng.SuiteRunner.privateRun(SuiteRunner.java:415)
	at org.testng.SuiteRunner.run(SuiteRunner.java:364)
	at org.testng.SuiteRunnerWorker.runSuite(SuiteRunnerWorker.java:52)
	at org.testng.SuiteRunnerWorker.run(SuiteRunnerWorker.java:84)
	at org.testng.TestNG.runSuitesSequentially(TestNG.java:1208)
	at org.testng.TestNG.runSuitesLocally(TestNG.java:1137)
	at org.testng.TestNG.runSuites(TestNG.java:1049)
	at org.testng.TestNG.run(TestNG.java:1017)
	at org.testng.remote.AbstractRemoteTestNG.run(AbstractRemoteTestNG.java:114)
	at org.testng.remote.RemoteTestNG.initAndRun(RemoteTestNG.java:251)
	at org.testng.remote.RemoteTestNG.main(RemoteTestNG.java:77)
</pre></div><a href='#' onClick='toggleBox("stack-trace1714688478", this, "Click to show all stack frames", "Click to hide stack frames")'>Click to show all stack frames</a>
<div class='stack-trace' id='stack-trace1714688478'><pre>org.openqa.selenium.WebDriverException: unknown error: Element &lt;a rel=&quot;jumpdown&quot; href=&quot;#features&quot;&gt;...&lt;/a&gt; is not clickable at point (671, 60). Other element would receive the click: &lt;img src=&quot;http://117.254.84.212:3000/images/latest_ad_2_31-01-2019.jpg&quot; width=&quot;970&quot; height=&quot;250&quot; usemap=&quot;#imagemap&quot;&gt;
  (Session info: chrome=71.0.3578.98)
  (Driver info: chromedriver=2.45.615291 (ec3682e3c9061c10f26ea9e5cdcf3c53f3f74387),platform=Windows NT 10.0.17134 x86_64) (WARNING: The server did not provide any stacktrace information)
Command duration or timeout: 0 milliseconds
Build info: version: &apos;3.14.0&apos;, revision: &apos;aacccce0&apos;, time: &apos;2018-08-02T20:19:58.91Z&apos;
System info: host: &apos;DESKTOP-A3DICO7&apos;, ip: &apos;169.254.89.74&apos;, os.name: &apos;Windows 10&apos;, os.arch: &apos;amd64&apos;, os.version: &apos;10.0&apos;, java.version: &apos;1.8.0_131&apos;
Driver info: org.openqa.selenium.chrome.ChromeDriver
Capabilities {acceptInsecureCerts: false, acceptSslCerts: false, applicationCacheEnabled: false, browserConnectionEnabled: false, browserName: chrome, chrome: {chromedriverVersion: 2.45.615291 (ec3682e3c9061c..., userDataDir: C:\Users\Sachin\AppData\Loc...}, cssSelectorsEnabled: true, databaseEnabled: false, goog:chromeOptions: {debuggerAddress: localhost:49159}, handlesAlerts: true, hasTouchScreen: false, javascriptEnabled: true, locationContextEnabled: true, mobileEmulationEnabled: false, nativeEvents: true, networkConnectionEnabled: false, pageLoadStrategy: normal, platform: XP, platformName: XP, proxy: Proxy(), rotatable: false, setWindowRect: true, strictFileInteractability: false, takesHeapSnapshot: true, takesScreenshot: true, timeouts: {implicit: 0, pageLoad: 300000, script: 30000}, unexpectedAlertBehaviour: ignore, unhandledPromptBehavior: ignore, version: 71.0.3578.98, webStorageEnabled: true}
Session ID: 96acc209d6552d34a612d8d144cf90a2
	at sun.reflect.NativeConstructorAccessorImpl.newInstance0(Native Method)
	at sun.reflect.NativeConstructorAccessorImpl.newInstance(Unknown Source)
	at sun.reflect.DelegatingConstructorAccessorImpl.newInstance(Unknown Source)
	at java.lang.reflect.Constructor.newInstance(Unknown Source)
	at org.openqa.selenium.remote.ErrorHandler.createThrowable(ErrorHandler.java:214)
	at org.openqa.selenium.remote.ErrorHandler.throwIfResponseFailed(ErrorHandler.java:166)
	at org.openqa.selenium.remote.http.JsonHttpResponseCodec.reconstructValue(JsonHttpResponseCodec.java:40)
	at org.openqa.selenium.remote.http.AbstractHttpResponseCodec.decode(AbstractHttpResponseCodec.java:80)
	at org.openqa.selenium.remote.http.AbstractHttpResponseCodec.decode(AbstractHttpResponseCodec.java:44)
	at org.openqa.selenium.remote.HttpCommandExecutor.execute(HttpCommandExecutor.java:158)
	at org.openqa.selenium.remote.service.DriverCommandExecutor.execute(DriverCommandExecutor.java:83)
	at org.openqa.selenium.remote.RemoteWebDriver.execute(RemoteWebDriver.java:548)
	at org.openqa.selenium.remote.RemoteWebElement.execute(RemoteWebElement.java:276)
	at org.openqa.selenium.remote.RemoteWebElement.click(RemoteWebElement.java:83)
	at sun.reflect.NativeMethodAccessorImpl.invoke0(Native Method)
	at sun.reflect.NativeMethodAccessorImpl.invoke(Unknown Source)
	at sun.reflect.DelegatingMethodAccessorImpl.invoke(Unknown Source)
	at java.lang.reflect.Method.invoke(Unknown Source)
	at org.openqa.selenium.support.pagefactory.internal.LocatingElementHandler.invoke(LocatingElementHandler.java:51)
	at com.sun.proxy.$Proxy11.click(Unknown Source)
	at com.torenzosite.qa.pages.HomePage.clickOnFeatures(HomePage.java:87)
	at com.torenzosite.qa.testcases.FeaturePageTest.verifyTryTorenzoForFree(FeaturePageTest.java:94)
	at sun.reflect.NativeMethodAccessorImpl.invoke0(Native Method)
	at sun.reflect.NativeMethodAccessorImpl.invoke(Unknown Source)
	at sun.reflect.DelegatingMethodAccessorImpl.invoke(Unknown Source)
	at java.lang.reflect.Method.invoke(Unknown Source)
	at org.testng.internal.MethodInvocationHelper.invokeMethod(MethodInvocationHelper.java:124)
	at org.testng.internal.Invoker.invokeMethod(Invoker.java:580)
	at org.testng.internal.Invoker.invokeTestMethod(Invoker.java:716)
	at org.testng.internal.Invoker.invokeTestMethods(Invoker.java:988)
	at org.testng.internal.TestMethodWorker.invokeTestMethods(TestMethodWorker.java:125)
	at org.testng.internal.TestMethodWorker.run(TestMethodWorker.java:109)
	at org.testng.TestRunner.privateRun(TestRunner.java:648)
	at org.testng.TestRunner.run(TestRunner.java:505)
	at org.testng.SuiteRunner.runTest(SuiteRunner.java:455)
	at org.testng.SuiteRunner.runSequentially(SuiteRunner.java:450)
	at org.testng.SuiteRunner.privateRun(SuiteRunner.java:415)
	at org.testng.SuiteRunner.run(SuiteRunner.java:364)
	at org.testng.SuiteRunnerWorker.runSuite(SuiteRunnerWorker.java:52)
	at org.testng.SuiteRunnerWorker.run(SuiteRunnerWorker.java:84)
	at org.testng.TestNG.runSuitesSequentially(TestNG.java:1208)
	at org.testng.TestNG.runSuitesLocally(TestNG.java:1137)
	at org.testng.TestNG.runSuites(TestNG.java:1049)
	at org.testng.TestNG.run(TestNG.java:1017)
	at org.testng.remote.AbstractRemoteTestNG.run(AbstractRemoteTestNG.java:114)
	at org.testng.remote.RemoteTestNG.initAndRun(RemoteTestNG.java:251)
	at org.testng.remote.RemoteTestNG.main(RemoteTestNG.java:77)
</pre></div></td>
<td>0</td>
<td>com.torenzosite.qa.testcases.FeaturePageTest@4e4aea35</td></tr>
</table><p>
<table width='100%' border='1' class='invocation-passed'>
<tr><td colspan='4' align='center'><b>PASSED TESTS</b></td></tr>
<tr><td><b>Test method</b></td>
<td width="30%"><b>Exception</b></td>
<td width="10%"><b>Time (seconds)</b></td>
<td><b>Instance</b></td>
</tr>
<tr>
<td title='com.torenzosite.qa.testcases.FeaturePageTest.closeToForm()'><b>closeToForm</b><br>Test class: com.torenzosite.qa.testcases.FeaturePageTest<br/>
<a href="#Output-1042891691" onClick='toggleBox("Output-1042891691", this, "Show output", "Hide output");'>Show output</a>

<a href="#Output-1042891691" onClick="toggleAllBoxes();">Show all outputs</a>
<div class='log' id="Output-1042891691">
About to begin executing following method : FeaturePageTest.closeToForm<br/>
Completed executing following method : FeaturePageTest.closeToForm<br/>
About to begin executing following method : FeaturePageTest.tearDown<br/>
</div>
</td>
<td></td>
<td>4</td>
<td>com.torenzosite.qa.testcases.FeaturePageTest@4e4aea35</td></tr>
<tr>
<td title='com.torenzosite.qa.testcases.FeaturePageTest.fillFormFromFeaturePage()'><b>fillFormFromFeaturePage</b><br>Test class: com.torenzosite.qa.testcases.FeaturePageTest<br/>
<a href="#Output-1313799195" onClick='toggleBox("Output-1313799195", this, "Show output", "Hide output");'>Show output</a>

<a href="#Output-1313799195" onClick="toggleAllBoxes();">Show all outputs</a>
<div class='log' id="Output-1313799195">
About to begin executing following method : FeaturePageTest.fillFormFromFeaturePage<br/>
Completed executing following method : FeaturePageTest.fillFormFromFeaturePage<br/>
About to begin executing following method : FeaturePageTest.tearDown<br/>
</div>
</td>
<td></td>
<td>25</td>
<td>com.torenzosite.qa.testcases.FeaturePageTest@4e4aea35</td></tr>
<tr>
<td title='com.torenzosite.qa.testcases.FeaturePageTest.fillFormWithEmptyData()'><b>fillFormWithEmptyData</b><br>Test class: com.torenzosite.qa.testcases.FeaturePageTest<br/>
<a href="#Output-1855734078" onClick='toggleBox("Output-1855734078", this, "Show output", "Hide output");'>Show output</a>

<a href="#Output-1855734078" onClick="toggleAllBoxes();">Show all outputs</a>
<div class='log' id="Output-1855734078">
About to begin executing following method : FeaturePageTest.fillFormWithEmptyData<br/>
Completed executing following method : FeaturePageTest.fillFormWithEmptyData<br/>
About to begin executing following method : FeaturePageTest.tearDown<br/>
</div>
</td>
<td></td>
<td>38</td>
<td>com.torenzosite.qa.testcases.FeaturePageTest@4e4aea35</td></tr>
<tr>
<td title='com.torenzosite.qa.testcases.FeaturePageTest.fillFormWithEmptyEmaildId()'><b>fillFormWithEmptyEmaildId</b><br>Test class: com.torenzosite.qa.testcases.FeaturePageTest<br/>
<a href="#Output-731368479" onClick='toggleBox("Output-731368479", this, "Show output", "Hide output");'>Show output</a>

<a href="#Output-731368479" onClick="toggleAllBoxes();">Show all outputs</a>
<div class='log' id="Output-731368479">
About to begin executing following method : FeaturePageTest.fillFormWithEmptyEmaildId<br/>
Completed executing following method : FeaturePageTest.fillFormWithEmptyEmaildId<br/>
About to begin executing following method : FeaturePageTest.tearDown<br/>
</div>
</td>
<td></td>
<td>40</td>
<td>com.torenzosite.qa.testcases.FeaturePageTest@4e4aea35</td></tr>
<tr>
<td title='com.torenzosite.qa.testcases.FeaturePageTest.fillFormWithEmptyPhoneNumber()'><b>fillFormWithEmptyPhoneNumber</b><br>Test class: com.torenzosite.qa.testcases.FeaturePageTest<br/>
<a href="#Output-1769227988" onClick='toggleBox("Output-1769227988", this, "Show output", "Hide output");'>Show output</a>

<a href="#Output-1769227988" onClick="toggleAllBoxes();">Show all outputs</a>
<div class='log' id="Output-1769227988">
About to begin executing following method : FeaturePageTest.fillFormWithEmptyPhoneNumber<br/>
Completed executing following method : FeaturePageTest.fillFormWithEmptyPhoneNumber<br/>
About to begin executing following method : FeaturePageTest.tearDown<br/>
</div>
</td>
<td></td>
<td>40</td>
<td>com.torenzosite.qa.testcases.FeaturePageTest@4e4aea35</td></tr>
<tr>
<td title='com.torenzosite.qa.testcases.FeaturePageTest.fillFormWithIncorrectEmailId()'><b>fillFormWithIncorrectEmailId</b><br>Test class: com.torenzosite.qa.testcases.FeaturePageTest<br/>
<a href="#Output-193864812" onClick='toggleBox("Output-193864812", this, "Show output", "Hide output");'>Show output</a>

<a href="#Output-193864812" onClick="toggleAllBoxes();">Show all outputs</a>
<div class='log' id="Output-193864812">
About to begin executing following method : FeaturePageTest.fillFormWithIncorrectEmailId<br/>
Completed executing following method : FeaturePageTest.fillFormWithIncorrectEmailId<br/>
About to begin executing following method : FeaturePageTest.tearDown<br/>
</div>
</td>
<td></td>
<td>36</td>
<td>com.torenzosite.qa.testcases.FeaturePageTest@4e4aea35</td></tr>
<tr>
<td title='com.torenzosite.qa.testcases.FeaturePageTest.verifyFeaturesPageTitle()'><b>verifyFeaturesPageTitle</b><br>Test class: com.torenzosite.qa.testcases.FeaturePageTest<br/>
<a href="#Output-1825419935" onClick='toggleBox("Output-1825419935", this, "Show output", "Hide output");'>Show output</a>

<a href="#Output-1825419935" onClick="toggleAllBoxes();">Show all outputs</a>
<div class='log' id="Output-1825419935">
About to begin executing following method : FeaturePageTest.verifyFeaturesPageTitle<br/>
Completed executing following method : FeaturePageTest.verifyFeaturesPageTitle<br/>
About to begin executing following method : FeaturePageTest.tearDown<br/>
</div>
</td>
<td></td>
<td>5</td>
<td>com.torenzosite.qa.testcases.FeaturePageTest@4e4aea35</td></tr>
<tr>
<td title='com.torenzosite.qa.testcases.FeaturePageTest.verifyHomePageTitle()'><b>verifyHomePageTitle</b><br>Test class: com.torenzosite.qa.testcases.FeaturePageTest<br/>
<a href="#Output-636782475" onClick='toggleBox("Output-636782475", this, "Show output", "Hide output");'>Show output</a>

<a href="#Output-636782475" onClick="toggleAllBoxes();">Show all outputs</a>
<div class='log' id="Output-636782475">
About to begin executing following method : FeaturePageTest.verifyHomePageTitle<br/>
Completed executing following method : FeaturePageTest.verifyHomePageTitle<br/>
About to begin executing following method : FeaturePageTest.tearDown<br/>
</div>
</td>
<td></td>
<td>0</td>
<td>com.torenzosite.qa.testcases.FeaturePageTest@4e4aea35</td></tr>
</table><p>
</body>
</html>